Copyright 1986-2022 Xilinx, Inc. All Rights Reserved.
------------------------------------------------------------------------------------------------------------------------------------------------------------------------------------------------------------
| Tool Version : Vivado v.2022.2 (lin64) Build 3671981 Fri Oct 14 04:59:54 MDT 2022
| Date         : Thu Dec 15 01:37:50 2022
| Host         : aet-linux running 64-bit Pop!_OS 22.04 LTS
| Command      : report_timing_summary -max_paths 10 -report_unconstrained -file MULTB_timing_summary_routed.rpt -pb MULTB_timing_summary_routed.pb -rpx MULTB_timing_summary_routed.rpx -warn_on_violation
| Design       : MULTB
| Device       : 7a50ti-csg324
| Speed File   : -1L  PRODUCTION 1.23 2018-06-13
------------------------------------------------------------------------------------------------------------------------------------------------------------------------------------------------------------

Timing Summary Report

------------------------------------------------------------------------------------------------
| Timer Settings
| --------------
------------------------------------------------------------------------------------------------

  Enable Multi Corner Analysis               :  Yes
  Enable Pessimism Removal                   :  Yes
  Pessimism Removal Resolution               :  Nearest Common Node
  Enable Input Delay Default Clock           :  No
  Enable Preset / Clear Arcs                 :  No
  Disable Flight Delays                      :  No
  Ignore I/O Paths                           :  No
  Timing Early Launch at Borrowing Latches   :  No
  Borrow Time for Max Delay Exceptions       :  Yes
  Merge Timing Exceptions                    :  Yes

  Corner  Analyze    Analyze    
  Name    Max Paths  Min Paths  
  ------  ---------  ---------  
  Slow    Yes        Yes        
  Fast    Yes        Yes        


------------------------------------------------------------------------------------------------
| Report Methodology
| ------------------
------------------------------------------------------------------------------------------------

Rule     Severity  Description       Violations  
-------  --------  ----------------  ----------  
SYNTH-9  Warning   Small multiplier  12          

Note: This report is based on the most recent report_methodology run and may not be up-to-date. Run report_methodology on the current design for the latest report.



check_timing report

Table of Contents
-----------------
1. checking no_clock (0)
2. checking constant_clock (0)
3. checking pulse_width_clock (0)
4. checking unconstrained_internal_endpoints (0)
5. checking no_input_delay (0)
6. checking no_output_delay (0)
7. checking multiple_clock (0)
8. checking generated_clocks (0)
9. checking loops (0)
10. checking partial_input_delay (0)
11. checking partial_output_delay (0)
12. checking latch_loops (0)

1. checking no_clock (0)
------------------------
 There are 0 register/latch pins with no clock.


2. checking constant_clock (0)
------------------------------
 There are 0 register/latch pins with constant_clock.


3. checking pulse_width_clock (0)
---------------------------------
 There are 0 register/latch pins which need pulse_width check


4. checking unconstrained_internal_endpoints (0)
------------------------------------------------
 There are 0 pins that are not constrained for maximum delay.

 There are 0 pins that are not constrained for maximum delay due to constant clock.


5. checking no_input_delay (0)
------------------------------
 There are 0 input ports with no input delay specified.

 There are 0 input ports with no input delay but user has a false path constraint.


6. checking no_output_delay (0)
-------------------------------
 There are 0 ports with no output delay specified.

 There are 0 ports with no output delay but user has a false path constraint

 There are 0 ports with no output delay but with a timing clock defined on it or propagating through it


7. checking multiple_clock (0)
------------------------------
 There are 0 register/latch pins with multiple clocks.


8. checking generated_clocks (0)
--------------------------------
 There are 0 generated clocks that are not connected to a clock source.


9. checking loops (0)
---------------------
 There are 0 combinational loops in the design.


10. checking partial_input_delay (0)
------------------------------------
 There are 0 input ports with partial input delay specified.


11. checking partial_output_delay (0)
-------------------------------------
 There are 0 ports with partial output delay specified.


12. checking latch_loops (0)
----------------------------
 There are 0 combinational latch loops in the design through latch input



------------------------------------------------------------------------------------------------
| Design Timing Summary
| ---------------------
------------------------------------------------------------------------------------------------

    WNS(ns)      TNS(ns)  TNS Failing Endpoints  TNS Total Endpoints      WHS(ns)      THS(ns)  THS Failing Endpoints  THS Total Endpoints     WPWS(ns)     TPWS(ns)  TPWS Failing Endpoints  TPWS Total Endpoints  
    -------      -------  ---------------------  -------------------      -------      -------  ---------------------  -------------------     --------     --------  ----------------------  --------------------  
        inf        0.000                      0                   16          inf        0.000                      0                   16           NA           NA                      NA                    NA  


There are no user specified timing constraints.


------------------------------------------------------------------------------------------------
| Clock Summary
| -------------
------------------------------------------------------------------------------------------------


------------------------------------------------------------------------------------------------
| Intra Clock Table
| -----------------
------------------------------------------------------------------------------------------------

Clock             WNS(ns)      TNS(ns)  TNS Failing Endpoints  TNS Total Endpoints      WHS(ns)      THS(ns)  THS Failing Endpoints  THS Total Endpoints     WPWS(ns)     TPWS(ns)  TPWS Failing Endpoints  TPWS Total Endpoints  
-----             -------      -------  ---------------------  -------------------      -------      -------  ---------------------  -------------------     --------     --------  ----------------------  --------------------  


------------------------------------------------------------------------------------------------
| Inter Clock Table
| -----------------
------------------------------------------------------------------------------------------------

From Clock    To Clock          WNS(ns)      TNS(ns)  TNS Failing Endpoints  TNS Total Endpoints      WHS(ns)      THS(ns)  THS Failing Endpoints  THS Total Endpoints  
----------    --------          -------      -------  ---------------------  -------------------      -------      -------  ---------------------  -------------------  


------------------------------------------------------------------------------------------------
| Other Path Groups Table
| -----------------------
------------------------------------------------------------------------------------------------

Path Group    From Clock    To Clock          WNS(ns)      TNS(ns)  TNS Failing Endpoints  TNS Total Endpoints      WHS(ns)      THS(ns)  THS Failing Endpoints  THS Total Endpoints  
----------    ----------    --------          -------      -------  ---------------------  -------------------      -------      -------  ---------------------  -------------------  


------------------------------------------------------------------------------------------------
| User Ignored Path Table
| -----------------------
------------------------------------------------------------------------------------------------

Path Group    From Clock    To Clock    
----------    ----------    --------    


------------------------------------------------------------------------------------------------
| Unconstrained Path Table
| ------------------------
------------------------------------------------------------------------------------------------

Path Group    From Clock    To Clock    
----------    ----------    --------    
(none)                                    


------------------------------------------------------------------------------------------------
| Timing Details
| --------------
------------------------------------------------------------------------------------------------


--------------------------------------------------------------------------------------
Path Group:  (none)
From Clock:  
  To Clock:  

Max Delay            16 Endpoints
Min Delay            16 Endpoints
--------------------------------------------------------------------------------------


Max Delay Paths
--------------------------------------------------------------------------------------
Slack:                    inf
  Source:                 A[3]
                            (input port)
  Destination:            result[15]
                            (output port)
  Path Group:             (none)
  Path Type:              Max at Slow Process Corner
  Data Path Delay:        13.085ns  (logic 6.376ns (48.730%)  route 6.709ns (51.270%))
  Logic Levels:           11  (CARRY4=5 IBUF=1 LUT2=1 LUT3=1 LUT4=1 LUT6=1 OBUF=1)

    Location             Delay type                Incr(ns)  Path(ns)    Netlist Resource(s)
  -------------------------------------------------------------------    -------------------
    U13                                               0.000     0.000 f  A[3] (IN)
                         net (fo=0)                   0.000     0.000    A[3]
    U13                  IBUF (Prop_ibuf_I_O)         0.965     0.965 f  A_IBUF[3]_inst/O
                         net (fo=19, routed)          2.269     3.234    A_IBUF[3]
    SLICE_X1Y10          LUT2 (Prop_lut2_I0_O)        0.152     3.386 r  result_OBUF[2]_inst_i_9/O
                         net (fo=1, routed)           0.661     4.047    result_OBUF[2]_inst_i_9_n_0
    SLICE_X0Y10          LUT6 (Prop_lut6_I1_O)        0.326     4.373 r  result_OBUF[2]_inst_i_5/O
                         net (fo=1, routed)           0.000     4.373    result_OBUF[2]_inst_i_5_n_0
    SLICE_X0Y10          CARRY4 (Prop_carry4_S[3]_CO[3])
                                                      0.401     4.774 r  result_OBUF[2]_inst_i_1/CO[3]
                         net (fo=1, routed)           0.000     4.774    result_OBUF[2]_inst_i_1_n_0
    SLICE_X0Y11          CARRY4 (Prop_carry4_CI_O[2])
                                                      0.239     5.013 r  result_OBUF[11]_inst_i_13/O[2]
                         net (fo=2, routed)           0.794     5.807    result_OBUF[11]_inst_i_13_n_5
    SLICE_X3Y11          LUT3 (Prop_lut3_I2_O)        0.332     6.139 r  result_OBUF[7]_inst_i_2/O
                         net (fo=2, routed)           0.690     6.828    result_OBUF[7]_inst_i_2_n_0
    SLICE_X3Y11          LUT4 (Prop_lut4_I3_O)        0.327     7.155 r  result_OBUF[7]_inst_i_6/O
                         net (fo=1, routed)           0.000     7.155    result_OBUF[7]_inst_i_6_n_0
    SLICE_X3Y11          CARRY4 (Prop_carry4_S[3]_CO[3])
                                                      0.401     7.556 r  result_OBUF[7]_inst_i_1/CO[3]
                         net (fo=1, routed)           0.000     7.556    result_OBUF[7]_inst_i_1_n_0
    SLICE_X3Y12          CARRY4 (Prop_carry4_CI_CO[3])
                                                      0.114     7.670 r  result_OBUF[11]_inst_i_1/CO[3]
                         net (fo=1, routed)           0.000     7.670    result_OBUF[11]_inst_i_1_n_0
    SLICE_X3Y13          CARRY4 (Prop_carry4_CI_O[3])
                                                      0.313     7.983 r  result_OBUF[15]_inst_i_1/O[3]
                         net (fo=1, routed)           2.295    10.278    result_OBUF[15]
    P18                  OBUF (Prop_obuf_I_O)         2.806    13.085 r  result_OBUF[15]_inst/O
                         net (fo=0)                   0.000    13.085    result[15]
    P18                                                               r  result[15] (OUT)
  -------------------------------------------------------------------    -------------------

Slack:                    inf
  Source:                 A[3]
                            (input port)
  Destination:            result[14]
                            (output port)
  Path Group:             (none)
  Path Type:              Max at Slow Process Corner
  Data Path Delay:        12.981ns  (logic 6.285ns (48.414%)  route 6.696ns (51.586%))
  Logic Levels:           11  (CARRY4=5 IBUF=1 LUT2=1 LUT3=1 LUT4=1 LUT6=1 OBUF=1)

    Location             Delay type                Incr(ns)  Path(ns)    Netlist Resource(s)
  -------------------------------------------------------------------    -------------------
    U13                                               0.000     0.000 f  A[3] (IN)
                         net (fo=0)                   0.000     0.000    A[3]
    U13                  IBUF (Prop_ibuf_I_O)         0.965     0.965 f  A_IBUF[3]_inst/O
                         net (fo=19, routed)          2.269     3.234    A_IBUF[3]
    SLICE_X1Y10          LUT2 (Prop_lut2_I0_O)        0.152     3.386 r  result_OBUF[2]_inst_i_9/O
                         net (fo=1, routed)           0.661     4.047    result_OBUF[2]_inst_i_9_n_0
    SLICE_X0Y10          LUT6 (Prop_lut6_I1_O)        0.326     4.373 r  result_OBUF[2]_inst_i_5/O
                         net (fo=1, routed)           0.000     4.373    result_OBUF[2]_inst_i_5_n_0
    SLICE_X0Y10          CARRY4 (Prop_carry4_S[3]_CO[3])
                                                      0.401     4.774 r  result_OBUF[2]_inst_i_1/CO[3]
                         net (fo=1, routed)           0.000     4.774    result_OBUF[2]_inst_i_1_n_0
    SLICE_X0Y11          CARRY4 (Prop_carry4_CI_O[2])
                                                      0.239     5.013 r  result_OBUF[11]_inst_i_13/O[2]
                         net (fo=2, routed)           0.794     5.807    result_OBUF[11]_inst_i_13_n_5
    SLICE_X3Y11          LUT3 (Prop_lut3_I2_O)        0.332     6.139 r  result_OBUF[7]_inst_i_2/O
                         net (fo=2, routed)           0.690     6.828    result_OBUF[7]_inst_i_2_n_0
    SLICE_X3Y11          LUT4 (Prop_lut4_I3_O)        0.327     7.155 r  result_OBUF[7]_inst_i_6/O
                         net (fo=1, routed)           0.000     7.155    result_OBUF[7]_inst_i_6_n_0
    SLICE_X3Y11          CARRY4 (Prop_carry4_S[3]_CO[3])
                                                      0.401     7.556 r  result_OBUF[7]_inst_i_1/CO[3]
                         net (fo=1, routed)           0.000     7.556    result_OBUF[7]_inst_i_1_n_0
    SLICE_X3Y12          CARRY4 (Prop_carry4_CI_CO[3])
                                                      0.114     7.670 r  result_OBUF[11]_inst_i_1/CO[3]
                         net (fo=1, routed)           0.000     7.670    result_OBUF[11]_inst_i_1_n_0
    SLICE_X3Y13          CARRY4 (Prop_carry4_CI_O[2])
                                                      0.239     7.909 r  result_OBUF[15]_inst_i_1/O[2]
                         net (fo=1, routed)           2.283    10.192    result_OBUF[14]
    M16                  OBUF (Prop_obuf_I_O)         2.789    12.981 r  result_OBUF[14]_inst/O
                         net (fo=0)                   0.000    12.981    result[14]
    M16                                                               r  result[14] (OUT)
  -------------------------------------------------------------------    -------------------

Slack:                    inf
  Source:                 A[3]
                            (input port)
  Destination:            result[13]
                            (output port)
  Path Group:             (none)
  Path Type:              Max at Slow Process Corner
  Data Path Delay:        12.937ns  (logic 6.382ns (49.330%)  route 6.555ns (50.670%))
  Logic Levels:           11  (CARRY4=5 IBUF=1 LUT2=1 LUT3=1 LUT4=1 LUT6=1 OBUF=1)

    Location             Delay type                Incr(ns)  Path(ns)    Netlist Resource(s)
  -------------------------------------------------------------------    -------------------
    U13                                               0.000     0.000 f  A[3] (IN)
                         net (fo=0)                   0.000     0.000    A[3]
    U13                  IBUF (Prop_ibuf_I_O)         0.965     0.965 f  A_IBUF[3]_inst/O
                         net (fo=19, routed)          2.269     3.234    A_IBUF[3]
    SLICE_X1Y10          LUT2 (Prop_lut2_I0_O)        0.152     3.386 r  result_OBUF[2]_inst_i_9/O
                         net (fo=1, routed)           0.661     4.047    result_OBUF[2]_inst_i_9_n_0
    SLICE_X0Y10          LUT6 (Prop_lut6_I1_O)        0.326     4.373 r  result_OBUF[2]_inst_i_5/O
                         net (fo=1, routed)           0.000     4.373    result_OBUF[2]_inst_i_5_n_0
    SLICE_X0Y10          CARRY4 (Prop_carry4_S[3]_CO[3])
                                                      0.401     4.774 r  result_OBUF[2]_inst_i_1/CO[3]
                         net (fo=1, routed)           0.000     4.774    result_OBUF[2]_inst_i_1_n_0
    SLICE_X0Y11          CARRY4 (Prop_carry4_CI_O[2])
                                                      0.239     5.013 r  result_OBUF[11]_inst_i_13/O[2]
                         net (fo=2, routed)           0.794     5.807    result_OBUF[11]_inst_i_13_n_5
    SLICE_X3Y11          LUT3 (Prop_lut3_I2_O)        0.332     6.139 r  result_OBUF[7]_inst_i_2/O
                         net (fo=2, routed)           0.690     6.828    result_OBUF[7]_inst_i_2_n_0
    SLICE_X3Y11          LUT4 (Prop_lut4_I3_O)        0.327     7.155 r  result_OBUF[7]_inst_i_6/O
                         net (fo=1, routed)           0.000     7.155    result_OBUF[7]_inst_i_6_n_0
    SLICE_X3Y11          CARRY4 (Prop_carry4_S[3]_CO[3])
                                                      0.401     7.556 r  result_OBUF[7]_inst_i_1/CO[3]
                         net (fo=1, routed)           0.000     7.556    result_OBUF[7]_inst_i_1_n_0
    SLICE_X3Y12          CARRY4 (Prop_carry4_CI_CO[3])
                                                      0.114     7.670 r  result_OBUF[11]_inst_i_1/CO[3]
                         net (fo=1, routed)           0.000     7.670    result_OBUF[11]_inst_i_1_n_0
    SLICE_X3Y13          CARRY4 (Prop_carry4_CI_O[1])
                                                      0.334     8.004 r  result_OBUF[15]_inst_i_1/O[1]
                         net (fo=1, routed)           2.142    10.146    result_OBUF[13]
    M17                  OBUF (Prop_obuf_I_O)         2.791    12.937 r  result_OBUF[13]_inst/O
                         net (fo=0)                   0.000    12.937    result[13]
    M17                                                               r  result[13] (OUT)
  -------------------------------------------------------------------    -------------------

Slack:                    inf
  Source:                 A[3]
                            (input port)
  Destination:            result[12]
                            (output port)
  Path Group:             (none)
  Path Type:              Max at Slow Process Corner
  Data Path Delay:        12.842ns  (logic 6.278ns (48.888%)  route 6.564ns (51.112%))
  Logic Levels:           11  (CARRY4=5 IBUF=1 LUT2=1 LUT3=1 LUT4=1 LUT6=1 OBUF=1)

    Location             Delay type                Incr(ns)  Path(ns)    Netlist Resource(s)
  -------------------------------------------------------------------    -------------------
    U13                                               0.000     0.000 f  A[3] (IN)
                         net (fo=0)                   0.000     0.000    A[3]
    U13                  IBUF (Prop_ibuf_I_O)         0.965     0.965 f  A_IBUF[3]_inst/O
                         net (fo=19, routed)          2.269     3.234    A_IBUF[3]
    SLICE_X1Y10          LUT2 (Prop_lut2_I0_O)        0.152     3.386 r  result_OBUF[2]_inst_i_9/O
                         net (fo=1, routed)           0.661     4.047    result_OBUF[2]_inst_i_9_n_0
    SLICE_X0Y10          LUT6 (Prop_lut6_I1_O)        0.326     4.373 r  result_OBUF[2]_inst_i_5/O
                         net (fo=1, routed)           0.000     4.373    result_OBUF[2]_inst_i_5_n_0
    SLICE_X0Y10          CARRY4 (Prop_carry4_S[3]_CO[3])
                                                      0.401     4.774 r  result_OBUF[2]_inst_i_1/CO[3]
                         net (fo=1, routed)           0.000     4.774    result_OBUF[2]_inst_i_1_n_0
    SLICE_X0Y11          CARRY4 (Prop_carry4_CI_O[2])
                                                      0.239     5.013 r  result_OBUF[11]_inst_i_13/O[2]
                         net (fo=2, routed)           0.794     5.807    result_OBUF[11]_inst_i_13_n_5
    SLICE_X3Y11          LUT3 (Prop_lut3_I2_O)        0.332     6.139 r  result_OBUF[7]_inst_i_2/O
                         net (fo=2, routed)           0.690     6.828    result_OBUF[7]_inst_i_2_n_0
    SLICE_X3Y11          LUT4 (Prop_lut4_I3_O)        0.327     7.155 r  result_OBUF[7]_inst_i_6/O
                         net (fo=1, routed)           0.000     7.155    result_OBUF[7]_inst_i_6_n_0
    SLICE_X3Y11          CARRY4 (Prop_carry4_S[3]_CO[3])
                                                      0.401     7.556 r  result_OBUF[7]_inst_i_1/CO[3]
                         net (fo=1, routed)           0.000     7.556    result_OBUF[7]_inst_i_1_n_0
    SLICE_X3Y12          CARRY4 (Prop_carry4_CI_CO[3])
                                                      0.114     7.670 r  result_OBUF[11]_inst_i_1/CO[3]
                         net (fo=1, routed)           0.000     7.670    result_OBUF[11]_inst_i_1_n_0
    SLICE_X3Y13          CARRY4 (Prop_carry4_CI_O[0])
                                                      0.222     7.892 r  result_OBUF[15]_inst_i_1/O[0]
                         net (fo=1, routed)           2.150    10.043    result_OBUF[12]
    N15                  OBUF (Prop_obuf_I_O)         2.800    12.842 r  result_OBUF[12]_inst/O
                         net (fo=0)                   0.000    12.842    result[12]
    N15                                                               r  result[12] (OUT)
  -------------------------------------------------------------------    -------------------

Slack:                    inf
  Source:                 A[3]
                            (input port)
  Destination:            result[11]
                            (output port)
  Path Group:             (none)
  Path Type:              Max at Slow Process Corner
  Data Path Delay:        12.816ns  (logic 6.261ns (48.856%)  route 6.555ns (51.144%))
  Logic Levels:           10  (CARRY4=4 IBUF=1 LUT2=1 LUT3=1 LUT4=1 LUT6=1 OBUF=1)

    Location             Delay type                Incr(ns)  Path(ns)    Netlist Resource(s)
  -------------------------------------------------------------------    -------------------
    U13                                               0.000     0.000 f  A[3] (IN)
                         net (fo=0)                   0.000     0.000    A[3]
    U13                  IBUF (Prop_ibuf_I_O)         0.965     0.965 f  A_IBUF[3]_inst/O
                         net (fo=19, routed)          2.269     3.234    A_IBUF[3]
    SLICE_X1Y10          LUT2 (Prop_lut2_I0_O)        0.152     3.386 r  result_OBUF[2]_inst_i_9/O
                         net (fo=1, routed)           0.661     4.047    result_OBUF[2]_inst_i_9_n_0
    SLICE_X0Y10          LUT6 (Prop_lut6_I1_O)        0.326     4.373 r  result_OBUF[2]_inst_i_5/O
                         net (fo=1, routed)           0.000     4.373    result_OBUF[2]_inst_i_5_n_0
    SLICE_X0Y10          CARRY4 (Prop_carry4_S[3]_CO[3])
                                                      0.401     4.774 r  result_OBUF[2]_inst_i_1/CO[3]
                         net (fo=1, routed)           0.000     4.774    result_OBUF[2]_inst_i_1_n_0
    SLICE_X0Y11          CARRY4 (Prop_carry4_CI_O[2])
                                                      0.239     5.013 r  result_OBUF[11]_inst_i_13/O[2]
                         net (fo=2, routed)           0.794     5.807    result_OBUF[11]_inst_i_13_n_5
    SLICE_X3Y11          LUT3 (Prop_lut3_I2_O)        0.332     6.139 r  result_OBUF[7]_inst_i_2/O
                         net (fo=2, routed)           0.690     6.828    result_OBUF[7]_inst_i_2_n_0
    SLICE_X3Y11          LUT4 (Prop_lut4_I3_O)        0.327     7.155 r  result_OBUF[7]_inst_i_6/O
                         net (fo=1, routed)           0.000     7.155    result_OBUF[7]_inst_i_6_n_0
    SLICE_X3Y11          CARRY4 (Prop_carry4_S[3]_CO[3])
                                                      0.401     7.556 r  result_OBUF[7]_inst_i_1/CO[3]
                         net (fo=1, routed)           0.000     7.556    result_OBUF[7]_inst_i_1_n_0
    SLICE_X3Y12          CARRY4 (Prop_carry4_CI_O[3])
                                                      0.313     7.869 r  result_OBUF[11]_inst_i_1/O[3]
                         net (fo=1, routed)           2.141    10.010    result_OBUF[11]
    N16                  OBUF (Prop_obuf_I_O)         2.806    12.816 r  result_OBUF[11]_inst/O
                         net (fo=0)                   0.000    12.816    result[11]
    N16                                                               r  result[11] (OUT)
  -------------------------------------------------------------------    -------------------

Slack:                    inf
  Source:                 A[3]
                            (input port)
  Destination:            result[9]
                            (output port)
  Path Group:             (none)
  Path Type:              Max at Slow Process Corner
  Data Path Delay:        12.790ns  (logic 6.278ns (49.083%)  route 6.512ns (50.917%))
  Logic Levels:           10  (CARRY4=4 IBUF=1 LUT2=1 LUT3=1 LUT4=1 LUT6=1 OBUF=1)

    Location             Delay type                Incr(ns)  Path(ns)    Netlist Resource(s)
  -------------------------------------------------------------------    -------------------
    U13                                               0.000     0.000 f  A[3] (IN)
                         net (fo=0)                   0.000     0.000    A[3]
    U13                  IBUF (Prop_ibuf_I_O)         0.965     0.965 f  A_IBUF[3]_inst/O
                         net (fo=19, routed)          2.269     3.234    A_IBUF[3]
    SLICE_X1Y10          LUT2 (Prop_lut2_I0_O)        0.152     3.386 r  result_OBUF[2]_inst_i_9/O
                         net (fo=1, routed)           0.661     4.047    result_OBUF[2]_inst_i_9_n_0
    SLICE_X0Y10          LUT6 (Prop_lut6_I1_O)        0.326     4.373 r  result_OBUF[2]_inst_i_5/O
                         net (fo=1, routed)           0.000     4.373    result_OBUF[2]_inst_i_5_n_0
    SLICE_X0Y10          CARRY4 (Prop_carry4_S[3]_CO[3])
                                                      0.401     4.774 r  result_OBUF[2]_inst_i_1/CO[3]
                         net (fo=1, routed)           0.000     4.774    result_OBUF[2]_inst_i_1_n_0
    SLICE_X0Y11          CARRY4 (Prop_carry4_CI_O[2])
                                                      0.239     5.013 r  result_OBUF[11]_inst_i_13/O[2]
                         net (fo=2, routed)           0.794     5.807    result_OBUF[11]_inst_i_13_n_5
    SLICE_X3Y11          LUT3 (Prop_lut3_I2_O)        0.332     6.139 r  result_OBUF[7]_inst_i_2/O
                         net (fo=2, routed)           0.690     6.828    result_OBUF[7]_inst_i_2_n_0
    SLICE_X3Y11          LUT4 (Prop_lut4_I3_O)        0.327     7.155 r  result_OBUF[7]_inst_i_6/O
                         net (fo=1, routed)           0.000     7.155    result_OBUF[7]_inst_i_6_n_0
    SLICE_X3Y11          CARRY4 (Prop_carry4_S[3]_CO[3])
                                                      0.401     7.556 r  result_OBUF[7]_inst_i_1/CO[3]
                         net (fo=1, routed)           0.000     7.556    result_OBUF[7]_inst_i_1_n_0
    SLICE_X3Y12          CARRY4 (Prop_carry4_CI_O[1])
                                                      0.334     7.890 r  result_OBUF[11]_inst_i_1/O[1]
                         net (fo=1, routed)           2.098     9.989    result_OBUF[9]
    R17                  OBUF (Prop_obuf_I_O)         2.801    12.790 r  result_OBUF[9]_inst/O
                         net (fo=0)                   0.000    12.790    result[9]
    R17                                                               r  result[9] (OUT)
  -------------------------------------------------------------------    -------------------

Slack:                    inf
  Source:                 A[3]
                            (input port)
  Destination:            result[10]
                            (output port)
  Path Group:             (none)
  Path Type:              Max at Slow Process Corner
  Data Path Delay:        12.738ns  (logic 6.186ns (48.562%)  route 6.552ns (51.438%))
  Logic Levels:           10  (CARRY4=4 IBUF=1 LUT2=1 LUT3=1 LUT4=1 LUT6=1 OBUF=1)

    Location             Delay type                Incr(ns)  Path(ns)    Netlist Resource(s)
  -------------------------------------------------------------------    -------------------
    U13                                               0.000     0.000 f  A[3] (IN)
                         net (fo=0)                   0.000     0.000    A[3]
    U13                  IBUF (Prop_ibuf_I_O)         0.965     0.965 f  A_IBUF[3]_inst/O
                         net (fo=19, routed)          2.269     3.234    A_IBUF[3]
    SLICE_X1Y10          LUT2 (Prop_lut2_I0_O)        0.152     3.386 r  result_OBUF[2]_inst_i_9/O
                         net (fo=1, routed)           0.661     4.047    result_OBUF[2]_inst_i_9_n_0
    SLICE_X0Y10          LUT6 (Prop_lut6_I1_O)        0.326     4.373 r  result_OBUF[2]_inst_i_5/O
                         net (fo=1, routed)           0.000     4.373    result_OBUF[2]_inst_i_5_n_0
    SLICE_X0Y10          CARRY4 (Prop_carry4_S[3]_CO[3])
                                                      0.401     4.774 r  result_OBUF[2]_inst_i_1/CO[3]
                         net (fo=1, routed)           0.000     4.774    result_OBUF[2]_inst_i_1_n_0
    SLICE_X0Y11          CARRY4 (Prop_carry4_CI_O[2])
                                                      0.239     5.013 r  result_OBUF[11]_inst_i_13/O[2]
                         net (fo=2, routed)           0.794     5.807    result_OBUF[11]_inst_i_13_n_5
    SLICE_X3Y11          LUT3 (Prop_lut3_I2_O)        0.332     6.139 r  result_OBUF[7]_inst_i_2/O
                         net (fo=2, routed)           0.690     6.828    result_OBUF[7]_inst_i_2_n_0
    SLICE_X3Y11          LUT4 (Prop_lut4_I3_O)        0.327     7.155 r  result_OBUF[7]_inst_i_6/O
                         net (fo=1, routed)           0.000     7.155    result_OBUF[7]_inst_i_6_n_0
    SLICE_X3Y11          CARRY4 (Prop_carry4_S[3]_CO[3])
                                                      0.401     7.556 r  result_OBUF[7]_inst_i_1/CO[3]
                         net (fo=1, routed)           0.000     7.556    result_OBUF[7]_inst_i_1_n_0
    SLICE_X3Y12          CARRY4 (Prop_carry4_CI_O[2])
                                                      0.239     7.795 r  result_OBUF[11]_inst_i_1/O[2]
                         net (fo=1, routed)           2.138     9.934    result_OBUF[10]
    P17                  OBUF (Prop_obuf_I_O)         2.804    12.738 r  result_OBUF[10]_inst/O
                         net (fo=0)                   0.000    12.738    result[10]
    P17                                                               r  result[10] (OUT)
  -------------------------------------------------------------------    -------------------

Slack:                    inf
  Source:                 A[3]
                            (input port)
  Destination:            result[8]
                            (output port)
  Path Group:             (none)
  Path Type:              Max at Slow Process Corner
  Data Path Delay:        12.620ns  (logic 6.152ns (48.743%)  route 6.469ns (51.257%))
  Logic Levels:           10  (CARRY4=4 IBUF=1 LUT2=1 LUT3=1 LUT4=1 LUT6=1 OBUF=1)

    Location             Delay type                Incr(ns)  Path(ns)    Netlist Resource(s)
  -------------------------------------------------------------------    -------------------
    U13                                               0.000     0.000 f  A[3] (IN)
                         net (fo=0)                   0.000     0.000    A[3]
    U13                  IBUF (Prop_ibuf_I_O)         0.965     0.965 f  A_IBUF[3]_inst/O
                         net (fo=19, routed)          2.269     3.234    A_IBUF[3]
    SLICE_X1Y10          LUT2 (Prop_lut2_I0_O)        0.152     3.386 r  result_OBUF[2]_inst_i_9/O
                         net (fo=1, routed)           0.661     4.047    result_OBUF[2]_inst_i_9_n_0
    SLICE_X0Y10          LUT6 (Prop_lut6_I1_O)        0.326     4.373 r  result_OBUF[2]_inst_i_5/O
                         net (fo=1, routed)           0.000     4.373    result_OBUF[2]_inst_i_5_n_0
    SLICE_X0Y10          CARRY4 (Prop_carry4_S[3]_CO[3])
                                                      0.401     4.774 r  result_OBUF[2]_inst_i_1/CO[3]
                         net (fo=1, routed)           0.000     4.774    result_OBUF[2]_inst_i_1_n_0
    SLICE_X0Y11          CARRY4 (Prop_carry4_CI_O[2])
                                                      0.239     5.013 r  result_OBUF[11]_inst_i_13/O[2]
                         net (fo=2, routed)           0.794     5.807    result_OBUF[11]_inst_i_13_n_5
    SLICE_X3Y11          LUT3 (Prop_lut3_I2_O)        0.332     6.139 r  result_OBUF[7]_inst_i_2/O
                         net (fo=2, routed)           0.690     6.828    result_OBUF[7]_inst_i_2_n_0
    SLICE_X3Y11          LUT4 (Prop_lut4_I3_O)        0.327     7.155 r  result_OBUF[7]_inst_i_6/O
                         net (fo=1, routed)           0.000     7.155    result_OBUF[7]_inst_i_6_n_0
    SLICE_X3Y11          CARRY4 (Prop_carry4_S[3]_CO[3])
                                                      0.401     7.556 r  result_OBUF[7]_inst_i_1/CO[3]
                         net (fo=1, routed)           0.000     7.556    result_OBUF[7]_inst_i_1_n_0
    SLICE_X3Y12          CARRY4 (Prop_carry4_CI_O[0])
                                                      0.223     7.779 r  result_OBUF[11]_inst_i_1/O[0]
                         net (fo=1, routed)           2.055     9.835    result_OBUF[8]
    P15                  OBUF (Prop_obuf_I_O)         2.786    12.620 r  result_OBUF[8]_inst/O
                         net (fo=0)                   0.000    12.620    result[8]
    P15                                                               r  result[8] (OUT)
  -------------------------------------------------------------------    -------------------

Slack:                    inf
  Source:                 A[3]
                            (input port)
  Destination:            result[7]
                            (output port)
  Path Group:             (none)
  Path Type:              Max at Slow Process Corner
  Data Path Delay:        12.310ns  (logic 5.954ns (48.370%)  route 6.356ns (51.630%))
  Logic Levels:           8  (CARRY4=3 IBUF=1 LUT2=2 LUT6=1 OBUF=1)

    Location             Delay type                Incr(ns)  Path(ns)    Netlist Resource(s)
  -------------------------------------------------------------------    -------------------
    U13                                               0.000     0.000 f  A[3] (IN)
                         net (fo=0)                   0.000     0.000    A[3]
    U13                  IBUF (Prop_ibuf_I_O)         0.965     0.965 f  A_IBUF[3]_inst/O
                         net (fo=19, routed)          2.269     3.234    A_IBUF[3]
    SLICE_X1Y10          LUT2 (Prop_lut2_I0_O)        0.152     3.386 r  result_OBUF[2]_inst_i_9/O
                         net (fo=1, routed)           0.661     4.047    result_OBUF[2]_inst_i_9_n_0
    SLICE_X0Y10          LUT6 (Prop_lut6_I1_O)        0.326     4.373 r  result_OBUF[2]_inst_i_5/O
                         net (fo=1, routed)           0.000     4.373    result_OBUF[2]_inst_i_5_n_0
    SLICE_X0Y10          CARRY4 (Prop_carry4_S[3]_CO[3])
                                                      0.401     4.774 r  result_OBUF[2]_inst_i_1/CO[3]
                         net (fo=1, routed)           0.000     4.774    result_OBUF[2]_inst_i_1_n_0
    SLICE_X0Y11          CARRY4 (Prop_carry4_CI_O[1])
                                                      0.334     5.108 r  result_OBUF[11]_inst_i_13/O[1]
                         net (fo=2, routed)           0.965     6.073    result_OBUF[11]_inst_i_13_n_6
    SLICE_X3Y11          LUT2 (Prop_lut2_I1_O)        0.331     6.404 r  result_OBUF[7]_inst_i_3/O
                         net (fo=2, routed)           0.397     6.801    result_OBUF[7]_inst_i_3_n_0
    SLICE_X3Y11          CARRY4 (Prop_carry4_DI[2]_O[3])
                                                      0.647     7.448 r  result_OBUF[7]_inst_i_1/O[3]
                         net (fo=1, routed)           2.063     9.511    result_OBUF[7]
    R15                  OBUF (Prop_obuf_I_O)         2.799    12.310 r  result_OBUF[7]_inst/O
                         net (fo=0)                   0.000    12.310    result[7]
    R15                                                               r  result[7] (OUT)
  -------------------------------------------------------------------    -------------------

Slack:                    inf
  Source:                 A[3]
                            (input port)
  Destination:            result[6]
                            (output port)
  Path Group:             (none)
  Path Type:              Max at Slow Process Corner
  Data Path Delay:        12.149ns  (logic 5.897ns (48.538%)  route 6.252ns (51.462%))
  Logic Levels:           9  (CARRY4=3 IBUF=1 LUT2=2 LUT4=1 LUT6=1 OBUF=1)

    Location             Delay type                Incr(ns)  Path(ns)    Netlist Resource(s)
  -------------------------------------------------------------------    -------------------
    U13                                               0.000     0.000 f  A[3] (IN)
                         net (fo=0)                   0.000     0.000    A[3]
    U13                  IBUF (Prop_ibuf_I_O)         0.965     0.965 f  A_IBUF[3]_inst/O
                         net (fo=19, routed)          2.269     3.234    A_IBUF[3]
    SLICE_X1Y10          LUT2 (Prop_lut2_I0_O)        0.152     3.386 r  result_OBUF[2]_inst_i_9/O
                         net (fo=1, routed)           0.661     4.047    result_OBUF[2]_inst_i_9_n_0
    SLICE_X0Y10          LUT6 (Prop_lut6_I1_O)        0.326     4.373 r  result_OBUF[2]_inst_i_5/O
                         net (fo=1, routed)           0.000     4.373    result_OBUF[2]_inst_i_5_n_0
    SLICE_X0Y10          CARRY4 (Prop_carry4_S[3]_CO[3])
                                                      0.401     4.774 r  result_OBUF[2]_inst_i_1/CO[3]
                         net (fo=1, routed)           0.000     4.774    result_OBUF[2]_inst_i_1_n_0
    SLICE_X0Y11          CARRY4 (Prop_carry4_CI_O[1])
                                                      0.334     5.108 r  result_OBUF[11]_inst_i_13/O[1]
                         net (fo=2, routed)           0.965     6.073    result_OBUF[11]_inst_i_13_n_6
    SLICE_X3Y11          LUT2 (Prop_lut2_I1_O)        0.331     6.404 r  result_OBUF[7]_inst_i_3/O
                         net (fo=2, routed)           0.281     6.685    result_OBUF[7]_inst_i_3_n_0
    SLICE_X3Y11          LUT4 (Prop_lut4_I3_O)        0.332     7.017 r  result_OBUF[7]_inst_i_7/O
                         net (fo=1, routed)           0.000     7.017    result_OBUF[7]_inst_i_7_n_0
    SLICE_X3Y11          CARRY4 (Prop_carry4_S[2]_O[2])
                                                      0.248     7.265 r  result_OBUF[7]_inst_i_1/O[2]
                         net (fo=1, routed)           2.076     9.341    result_OBUF[6]
    T14                  OBUF (Prop_obuf_I_O)         2.808    12.149 r  result_OBUF[6]_inst/O
                         net (fo=0)                   0.000    12.149    result[6]
    T14                                                               r  result[6] (OUT)
  -------------------------------------------------------------------    -------------------





Min Delay Paths
--------------------------------------------------------------------------------------
Slack:                    inf
  Source:                 X[0]
                            (input port)
  Destination:            result[1]
                            (output port)
  Path Group:             (none)
  Path Type:              Min at Fast Process Corner
  Data Path Delay:        2.383ns  (logic 1.536ns (64.454%)  route 0.847ns (35.546%))
  Logic Levels:           4  (CARRY4=1 IBUF=1 LUT4=1 OBUF=1)

    Location             Delay type                Incr(ns)  Path(ns)    Netlist Resource(s)
  -------------------------------------------------------------------    -------------------
    V10                                               0.000     0.000 r  X[0] (IN)
                         net (fo=0)                   0.000     0.000    X[0]
    V10                  IBUF (Prop_ibuf_I_O)         0.208     0.208 r  X_IBUF[0]_inst/O
                         net (fo=16, routed)          0.425     0.633    X_IBUF[0]
    SLICE_X0Y10          LUT4 (Prop_lut4_I0_O)        0.045     0.678 r  result_OBUF[2]_inst_i_7/O
                         net (fo=1, routed)           0.000     0.678    result_OBUF[2]_inst_i_7_n_0
    SLICE_X0Y10          CARRY4 (Prop_carry4_S[1]_O[1])
                                                      0.065     0.743 r  result_OBUF[2]_inst_i_1/O[1]
                         net (fo=1, routed)           0.422     1.165    result_OBUF[1]
    V16                  OBUF (Prop_obuf_I_O)         1.218     2.383 r  result_OBUF[1]_inst/O
                         net (fo=0)                   0.000     2.383    result[1]
    V16                                                               r  result[1] (OUT)
  -------------------------------------------------------------------    -------------------

Slack:                    inf
  Source:                 X[0]
                            (input port)
  Destination:            result[2]
                            (output port)
  Path Group:             (none)
  Path Type:              Min at Fast Process Corner
  Data Path Delay:        2.445ns  (logic 1.591ns (65.071%)  route 0.854ns (34.929%))
  Logic Levels:           4  (CARRY4=1 IBUF=1 LUT2=1 OBUF=1)

    Location             Delay type                Incr(ns)  Path(ns)    Netlist Resource(s)
  -------------------------------------------------------------------    -------------------
    V10                                               0.000     0.000 r  X[0] (IN)
                         net (fo=0)                   0.000     0.000    X[0]
    V10                  IBUF (Prop_ibuf_I_O)         0.208     0.208 r  X_IBUF[0]_inst/O
                         net (fo=16, routed)          0.425     0.633    X_IBUF[0]
    SLICE_X0Y10          LUT2 (Prop_lut2_I0_O)        0.049     0.682 r  result_OBUF[2]_inst_i_4/O
                         net (fo=1, routed)           0.000     0.682    result_OBUF[2]_inst_i_4_n_0
    SLICE_X0Y10          CARRY4 (Prop_carry4_DI[1]_O[2])
                                                      0.114     0.796 r  result_OBUF[2]_inst_i_1/O[2]
                         net (fo=1, routed)           0.429     1.225    result_OBUF[2]
    V15                  OBUF (Prop_obuf_I_O)         1.220     2.445 r  result_OBUF[2]_inst/O
                         net (fo=0)                   0.000     2.445    result[2]
    V15                                                               r  result[2] (OUT)
  -------------------------------------------------------------------    -------------------

Slack:                    inf
  Source:                 X[0]
                            (input port)
  Destination:            result[0]
                            (output port)
  Path Group:             (none)
  Path Type:              Min at Fast Process Corner
  Data Path Delay:        2.447ns  (logic 1.535ns (62.709%)  route 0.913ns (37.291%))
  Logic Levels:           4  (CARRY4=1 IBUF=1 LUT2=1 OBUF=1)

    Location             Delay type                Incr(ns)  Path(ns)    Netlist Resource(s)
  -------------------------------------------------------------------    -------------------
    V10                                               0.000     0.000 r  X[0] (IN)
                         net (fo=0)                   0.000     0.000    X[0]
    V10                  IBUF (Prop_ibuf_I_O)         0.208     0.208 r  X_IBUF[0]_inst/O
                         net (fo=16, routed)          0.496     0.704    X_IBUF[0]
    SLICE_X0Y10          LUT2 (Prop_lut2_I1_O)        0.045     0.749 r  result_OBUF[2]_inst_i_8/O
                         net (fo=1, routed)           0.000     0.749    result_OBUF[2]_inst_i_8_n_0
    SLICE_X0Y10          CARRY4 (Prop_carry4_S[0]_O[0])
                                                      0.070     0.819 r  result_OBUF[2]_inst_i_1/O[0]
                         net (fo=1, routed)           0.417     1.236    result_OBUF[0]
    U17                  OBUF (Prop_obuf_I_O)         1.211     2.447 r  result_OBUF[0]_inst/O
                         net (fo=0)                   0.000     2.447    result[0]
    U17                                                               r  result[0] (OUT)
  -------------------------------------------------------------------    -------------------

Slack:                    inf
  Source:                 X[3]
                            (input port)
  Destination:            result[3]
                            (output port)
  Path Group:             (none)
  Path Type:              Min at Fast Process Corner
  Data Path Delay:        2.640ns  (logic 1.556ns (58.956%)  route 1.083ns (41.044%))
  Logic Levels:           5  (CARRY4=1 IBUF=1 LUT2=2 OBUF=1)

    Location             Delay type                Incr(ns)  Path(ns)    Netlist Resource(s)
  -------------------------------------------------------------------    -------------------
    U11                                               0.000     0.000 r  X[3] (IN)
                         net (fo=0)                   0.000     0.000    X[3]
    U11                  IBUF (Prop_ibuf_I_O)         0.193     0.193 r  X_IBUF[3]_inst/O
                         net (fo=16, routed)          0.477     0.670    X_IBUF[3]
    SLICE_X2Y11          LUT2 (Prop_lut2_I1_O)        0.045     0.715 r  result_OBUF[3]_inst_i_9/O
                         net (fo=1, routed)           0.000     0.715    result_OBUF[3]_inst_i_9_n_0
    SLICE_X2Y11          CARRY4 (Prop_carry4_S[0]_O[0])
                                                      0.070     0.785 r  result_OBUF[3]_inst_i_2/O[0]
                         net (fo=3, routed)           0.145     0.930    result_OBUF[3]_inst_i_2_n_7
    SLICE_X1Y11          LUT2 (Prop_lut2_I1_O)        0.105     1.035 r  result_OBUF[3]_inst_i_1/O
                         net (fo=1, routed)           0.462     1.497    result_OBUF[3]
    T16                  OBUF (Prop_obuf_I_O)         1.143     2.640 r  result_OBUF[3]_inst/O
                         net (fo=0)                   0.000     2.640    result[3]
    T16                                                               r  result[3] (OUT)
  -------------------------------------------------------------------    -------------------

Slack:                    inf
  Source:                 X[3]
                            (input port)
  Destination:            result[5]
                            (output port)
  Path Group:             (none)
  Path Type:              Min at Fast Process Corner
  Data Path Delay:        2.684ns  (logic 1.684ns (62.744%)  route 1.000ns (37.256%))
  Logic Levels:           6  (CARRY4=2 IBUF=1 LUT4=1 LUT6=1 OBUF=1)

    Location             Delay type                Incr(ns)  Path(ns)    Netlist Resource(s)
  -------------------------------------------------------------------    -------------------
    U11                                               0.000     0.000 r  X[3] (IN)
                         net (fo=0)                   0.000     0.000    X[3]
    U11                  IBUF (Prop_ibuf_I_O)         0.193     0.193 r  X_IBUF[3]_inst/O
                         net (fo=16, routed)          0.391     0.584    X_IBUF[3]
    SLICE_X2Y11          LUT6 (Prop_lut6_I4_O)        0.045     0.629 r  result_OBUF[3]_inst_i_7/O
                         net (fo=1, routed)           0.000     0.629    result_OBUF[3]_inst_i_7_n_0
    SLICE_X2Y11          CARRY4 (Prop_carry4_S[2]_O[2])
                                                      0.065     0.694 r  result_OBUF[3]_inst_i_2/O[2]
                         net (fo=2, routed)           0.161     0.855    result_OBUF[3]_inst_i_2_n_5
    SLICE_X3Y11          LUT4 (Prop_lut4_I0_O)        0.108     0.963 r  result_OBUF[7]_inst_i_8/O
                         net (fo=1, routed)           0.000     0.963    result_OBUF[7]_inst_i_8_n_0
    SLICE_X3Y11          CARRY4 (Prop_carry4_S[1]_O[1])
                                                      0.065     1.028 r  result_OBUF[7]_inst_i_1/O[1]
                         net (fo=1, routed)           0.448     1.476    result_OBUF[5]
    T15                  OBUF (Prop_obuf_I_O)         1.208     2.684 r  result_OBUF[5]_inst/O
                         net (fo=0)                   0.000     2.684    result[5]
    T15                                                               r  result[5] (OUT)
  -------------------------------------------------------------------    -------------------

Slack:                    inf
  Source:                 X[7]
                            (input port)
  Destination:            result[14]
                            (output port)
  Path Group:             (none)
  Path Type:              Min at Fast Process Corner
  Data Path Delay:        2.766ns  (logic 1.670ns (60.384%)  route 1.096ns (39.616%))
  Logic Levels:           6  (CARRY4=2 IBUF=1 LUT3=1 LUT5=1 OBUF=1)

    Location             Delay type                Incr(ns)  Path(ns)    Netlist Resource(s)
  -------------------------------------------------------------------    -------------------
    U18                                               0.000     0.000 r  X[7] (IN)
                         net (fo=0)                   0.000     0.000    X[7]
    U18                  IBUF (Prop_ibuf_I_O)         0.195     0.195 r  X_IBUF[7]_inst/O
                         net (fo=16, routed)          0.394     0.589    X_IBUF[7]
    SLICE_X0Y14          LUT5 (Prop_lut5_I2_O)        0.045     0.634 r  result_OBUF[15]_inst_i_16/O
                         net (fo=1, routed)           0.000     0.634    result_OBUF[15]_inst_i_16_n_0
    SLICE_X0Y14          CARRY4 (Prop_carry4_S[3]_O[3])
                                                      0.063     0.697 r  result_OBUF[15]_inst_i_8/O[3]
                         net (fo=2, routed)           0.108     0.805    result_OBUF[15]_inst_i_8_n_4
    SLICE_X3Y13          LUT3 (Prop_lut3_I1_O)        0.110     0.915 r  result_OBUF[15]_inst_i_5/O
                         net (fo=1, routed)           0.000     0.915    result_OBUF[15]_inst_i_5_n_0
    SLICE_X3Y13          CARRY4 (Prop_carry4_S[2]_O[2])
                                                      0.066     0.981 r  result_OBUF[15]_inst_i_1/O[2]
                         net (fo=1, routed)           0.595     1.575    result_OBUF[14]
    M16                  OBUF (Prop_obuf_I_O)         1.191     2.766 r  result_OBUF[14]_inst/O
                         net (fo=0)                   0.000     2.766    result[14]
    M16                                                               r  result[14] (OUT)
  -------------------------------------------------------------------    -------------------

Slack:                    inf
  Source:                 X[7]
                            (input port)
  Destination:            result[13]
                            (output port)
  Path Group:             (none)
  Path Type:              Min at Fast Process Corner
  Data Path Delay:        2.808ns  (logic 1.670ns (59.468%)  route 1.138ns (40.532%))
  Logic Levels:           6  (CARRY4=2 IBUF=1 LUT4=1 LUT5=1 OBUF=1)

    Location             Delay type                Incr(ns)  Path(ns)    Netlist Resource(s)
  -------------------------------------------------------------------    -------------------
    U18                                               0.000     0.000 r  X[7] (IN)
                         net (fo=0)                   0.000     0.000    X[7]
    U18                  IBUF (Prop_ibuf_I_O)         0.195     0.195 r  X_IBUF[7]_inst/O
                         net (fo=16, routed)          0.394     0.589    X_IBUF[7]
    SLICE_X0Y14          LUT5 (Prop_lut5_I2_O)        0.045     0.634 r  result_OBUF[15]_inst_i_16/O
                         net (fo=1, routed)           0.000     0.634    result_OBUF[15]_inst_i_16_n_0
    SLICE_X0Y14          CARRY4 (Prop_carry4_S[3]_O[3])
                                                      0.063     0.697 r  result_OBUF[15]_inst_i_8/O[3]
                         net (fo=2, routed)           0.194     0.891    result_OBUF[15]_inst_i_8_n_4
    SLICE_X3Y13          LUT4 (Prop_lut4_I2_O)        0.110     1.001 r  result_OBUF[15]_inst_i_6/O
                         net (fo=1, routed)           0.000     1.001    result_OBUF[15]_inst_i_6_n_0
    SLICE_X3Y13          CARRY4 (Prop_carry4_S[1]_O[1])
                                                      0.065     1.066 r  result_OBUF[15]_inst_i_1/O[1]
                         net (fo=1, routed)           0.551     1.616    result_OBUF[13]
    M17                  OBUF (Prop_obuf_I_O)         1.191     2.808 r  result_OBUF[13]_inst/O
                         net (fo=0)                   0.000     2.808    result[13]
    M17                                                               r  result[13] (OUT)
  -------------------------------------------------------------------    -------------------

Slack:                    inf
  Source:                 X[3]
                            (input port)
  Destination:            result[4]
                            (output port)
  Path Group:             (none)
  Path Type:              Min at Fast Process Corner
  Data Path Delay:        2.817ns  (logic 1.685ns (59.808%)  route 1.132ns (40.192%))
  Logic Levels:           6  (CARRY4=2 IBUF=1 LUT4=2 OBUF=1)

    Location             Delay type                Incr(ns)  Path(ns)    Netlist Resource(s)
  -------------------------------------------------------------------    -------------------
    U11                                               0.000     0.000 r  X[3] (IN)
                         net (fo=0)                   0.000     0.000    X[3]
    U11                  IBUF (Prop_ibuf_I_O)         0.193     0.193 r  X_IBUF[3]_inst/O
                         net (fo=16, routed)          0.476     0.669    X_IBUF[3]
    SLICE_X2Y11          LUT4 (Prop_lut4_I0_O)        0.045     0.714 r  result_OBUF[3]_inst_i_8/O
                         net (fo=1, routed)           0.000     0.714    result_OBUF[3]_inst_i_8_n_0
    SLICE_X2Y11          CARRY4 (Prop_carry4_S[1]_O[1])
                                                      0.066     0.780 r  result_OBUF[3]_inst_i_2/O[1]
                         net (fo=3, routed)           0.220     1.000    result_OBUF[3]_inst_i_2_n_6
    SLICE_X3Y11          LUT4 (Prop_lut4_I2_O)        0.108     1.108 r  result_OBUF[7]_inst_i_9/O
                         net (fo=1, routed)           0.000     1.108    result_OBUF[7]_inst_i_9_n_0
    SLICE_X3Y11          CARRY4 (Prop_carry4_S[0]_O[0])
                                                      0.070     1.178 r  result_OBUF[7]_inst_i_1/O[0]
                         net (fo=1, routed)           0.436     1.614    result_OBUF[4]
    R16                  OBUF (Prop_obuf_I_O)         1.203     2.817 r  result_OBUF[4]_inst/O
                         net (fo=0)                   0.000     2.817    result[4]
    R16                                                               r  result[4] (OUT)
  -------------------------------------------------------------------    -------------------

Slack:                    inf
  Source:                 X[3]
                            (input port)
  Destination:            result[7]
                            (output port)
  Path Group:             (none)
  Path Type:              Min at Fast Process Corner
  Data Path Delay:        2.830ns  (logic 1.782ns (62.951%)  route 1.049ns (37.049%))
  Logic Levels:           6  (CARRY4=2 IBUF=1 LUT4=1 LUT6=1 OBUF=1)

    Location             Delay type                Incr(ns)  Path(ns)    Netlist Resource(s)
  -------------------------------------------------------------------    -------------------
    U11                                               0.000     0.000 r  X[3] (IN)
                         net (fo=0)                   0.000     0.000    X[3]
    U11                  IBUF (Prop_ibuf_I_O)         0.193     0.193 r  X_IBUF[3]_inst/O
                         net (fo=16, routed)          0.391     0.584    X_IBUF[3]
    SLICE_X2Y11          LUT6 (Prop_lut6_I4_O)        0.045     0.629 r  result_OBUF[3]_inst_i_7/O
                         net (fo=1, routed)           0.000     0.629    result_OBUF[3]_inst_i_7_n_0
    SLICE_X2Y11          CARRY4 (Prop_carry4_S[2]_O[2])
                                                      0.065     0.694 r  result_OBUF[3]_inst_i_2/O[2]
                         net (fo=2, routed)           0.161     0.855    result_OBUF[3]_inst_i_2_n_5
    SLICE_X3Y11          LUT4 (Prop_lut4_I0_O)        0.108     0.963 r  result_OBUF[7]_inst_i_8/O
                         net (fo=1, routed)           0.000     0.963    result_OBUF[7]_inst_i_8_n_0
    SLICE_X3Y11          CARRY4 (Prop_carry4_S[1]_O[3])
                                                      0.172     1.135 r  result_OBUF[7]_inst_i_1/O[3]
                         net (fo=1, routed)           0.496     1.632    result_OBUF[7]
    R15                  OBUF (Prop_obuf_I_O)         1.198     2.830 r  result_OBUF[7]_inst/O
                         net (fo=0)                   0.000     2.830    result[7]
    R15                                                               r  result[7] (OUT)
  -------------------------------------------------------------------    -------------------

Slack:                    inf
  Source:                 X[3]
                            (input port)
  Destination:            result[6]
                            (output port)
  Path Group:             (none)
  Path Type:              Min at Fast Process Corner
  Data Path Delay:        2.838ns  (logic 1.773ns (62.469%)  route 1.065ns (37.531%))
  Logic Levels:           6  (CARRY4=2 IBUF=1 LUT4=1 LUT6=1 OBUF=1)

    Location             Delay type                Incr(ns)  Path(ns)    Netlist Resource(s)
  -------------------------------------------------------------------    -------------------
    U11                                               0.000     0.000 r  X[3] (IN)
                         net (fo=0)                   0.000     0.000    X[3]
    U11                  IBUF (Prop_ibuf_I_O)         0.193     0.193 r  X_IBUF[3]_inst/O
                         net (fo=16, routed)          0.391     0.584    X_IBUF[3]
    SLICE_X2Y11          LUT6 (Prop_lut6_I4_O)        0.045     0.629 r  result_OBUF[3]_inst_i_7/O
                         net (fo=1, routed)           0.000     0.629    result_OBUF[3]_inst_i_7_n_0
    SLICE_X2Y11          CARRY4 (Prop_carry4_S[2]_O[2])
                                                      0.065     0.694 r  result_OBUF[3]_inst_i_2/O[2]
                         net (fo=2, routed)           0.161     0.855    result_OBUF[3]_inst_i_2_n_5
    SLICE_X3Y11          LUT4 (Prop_lut4_I0_O)        0.108     0.963 r  result_OBUF[7]_inst_i_8/O
                         net (fo=1, routed)           0.000     0.963    result_OBUF[7]_inst_i_8_n_0
    SLICE_X3Y11          CARRY4 (Prop_carry4_S[1]_O[2])
                                                      0.152     1.115 r  result_OBUF[7]_inst_i_1/O[2]
                         net (fo=1, routed)           0.513     1.628    result_OBUF[6]
    T14                  OBUF (Prop_obuf_I_O)         1.210     2.838 r  result_OBUF[6]_inst/O
                         net (fo=0)                   0.000     2.838    result[6]
    T14                                                               r  result[6] (OUT)
  -------------------------------------------------------------------    -------------------





